2025-03-30 18:31:11,262 - INFO - [Data Size] [json]  reply_message <收集資料&修改資料> 	回傳大小 : 70
2025-03-30 18:31:23,051 - INFO - [Data Size] [json]  reply_message <年齡設定> 	回傳大小 : 1229
2025-03-30 18:31:33,041 - INFO - [Data Size] [json]  reply_message <性別設定> 	回傳大小 : 993
2025-03-30 18:31:45,930 - INFO - [Data Size] [json]  reply_message <寫入location> 	回傳大小 : 211
2025-03-30 18:31:49,165 - INFO - [Data Size] [json]  reply_message <收集資料&修改資料> 	回傳大小 : 70
2025-03-30 18:31:53,909 - INFO - [Data Size] [json]  reply_message <年齡設定> 	回傳大小 : 1229
2025-03-30 18:33:51,168 - INFO - [Data Size] [json]  reply_message <景點推薦> 	回傳大小 : 391
2025-03-30 18:33:53,329 - INFO - [Data Size] [text] event : 219
2025-03-30 18:35:19,980 - INFO - [Data Size] [json]  reply_message <行程規劃> 	回傳大小 : 1690
2025-03-30 18:35:41,088 - INFO - [Data Size] [json]  push_message  <路線選項說明> 	回傳大小 : 2014
2025-03-30 18:36:52,332 - INFO - [Data Size] [json]  push_message  <路線選項說明> 	回傳大小 : 2014
2025-03-30 18:37:38,567 - INFO - [Data Size] [json]  push_message  <路線選項說明> 	回傳大小 : 2014
2025-03-30 18:38:05,417 - INFO - [Data Size] [json]  push_message  <路線選項說明> 	回傳大小 : 2014
2025-03-30 18:38:35,415 - INFO - [Data Size] [json]  reply_message <景點人潮> 	回傳大小 : 257
2025-03-30 18:39:20,317 - INFO - [Data Size] [json]  reply_message <附近搜尋> 	回傳大小 : 2294
2025-03-30 18:39:42,845 - INFO - [Data Size] [json]  reply_message <風景區> 	回傳大小 : 9465
2025-03-30 18:39:56,629 - INFO - [Data Size] [json]  reply_message <餐廳> 	回傳大小 : 20875
2025-03-30 18:40:46,033 - INFO - [Data Size] [json]  reply_message <停車場> 	回傳大小 : 22912
2025-03-30 18:40:58,701 - INFO - [Data Size] [json]  reply_message <住宿> 	回傳大小 : 10836
2025-03-30 18:42:04,618 - INFO - [Data Size] [json]  reply_message <租車> 	回傳大小 : 216
2025-03-30 18:48:27,245 - INFO - [Data Size] [json]  reply_message <系統與使用者路線功能> 	回傳大小 : 121
2025-03-30 18:53:53,515 - INFO - [Data Size] [json]  reply_message <系統與使用者路線功能> 	回傳大小 : 121
2025-03-30 19:21:41,101 - INFO - [Data Size] [json]  reply_message <收集資料&修改資料> 	回傳大小 : 70
2025-03-30 19:21:48,897 - INFO - [Data Size] [json]  reply_message <年齡錯誤> 	回傳大小 : 74
2025-03-30 19:22:03,965 - INFO - [Data Size] [json]  reply_message <年齡錯誤> 	回傳大小 : 74
2025-03-30 19:22:10,366 - INFO - [Data Size] [json]  reply_message <年齡設定> 	回傳大小 : 1229
2025-03-30 19:22:12,881 - INFO - [Data Size] [json]  reply_message <性別設定> 	回傳大小 : 993
2025-03-30 19:22:32,233 - INFO - [Data Size] [json]  reply_message <寫入location> 	回傳大小 : 211
2025-03-30 19:22:40,899 - INFO - [Data Size] [json]  reply_message <行程規劃> 	回傳大小 : 1690
2025-03-30 19:22:51,988 - INFO - [Data Size] [json]  push_message  <路線選項說明> 	回傳大小 : 2014
2025-03-30 19:23:24,691 - INFO - [Data Size] [json]  reply_message <系統與使用者路線功能> 	回傳大小 : 121
2025-03-30 19:39:24,739 - INFO - [Data Size] [json]  reply_message <附近搜尋> 	回傳大小 : 2294
2025-03-30 19:39:28,169 - INFO - [Data Size] [json]  reply_message <風景區> 	回傳大小 : 9157
2025-03-30 19:40:37,970 - INFO - [Data Size] [json]  reply_message <餐廳> 	回傳大小 : 22644
2025-03-30 19:40:45,991 - INFO - [Data Size] [json]  reply_message <停車場> 	回傳大小 : 21523
2025-03-30 19:40:54,807 - INFO - [Data Size] [json]  reply_message <住宿> 	回傳大小 : 21234
2025-03-30 19:42:05,045 - INFO - [Data Size] [json]  reply_message <租車> 	回傳大小 : 216
