2025-04-15 02:41:05,458 - INFO - [Data Time]  收集資料&修改資料 : 0.2049358s
2025-04-15 02:41:05,458 - INFO - [Data Size]  收集資料&修改資料 : 70
2025-04-15 02:41:09,508 - INFO - [Data Time]  25 : 0.1655265s
2025-04-15 02:41:09,509 - INFO - [Data Size]  25 : 1229
2025-04-15 02:41:11,296 - INFO - [Data Time]  女 : 0.1251577s
2025-04-15 02:41:11,296 - INFO - [Data Size]  女 : 993
2025-04-15 02:41:16,292 - INFO - [Data Time]  location : 0.1444490s
2025-04-15 02:41:16,293 - INFO - [Data Size]  location : 211
2025-04-15 02:42:12,128 - INFO - [Data Time]  收集資料&修改資料 : 0.1912388s
2025-04-15 02:42:12,128 - INFO - [Data Size]  收集資料&修改資料 : 70
2025-04-15 02:42:15,683 - INFO - [Data Time]  25 : 0.1955780s
2025-04-15 02:42:15,683 - INFO - [Data Size]  25 : 1229
2025-04-15 02:42:17,115 - INFO - [Data Time]  女 : 0.1659577s
2025-04-15 02:42:17,116 - INFO - [Data Size]  女 : 993
2025-04-15 02:42:20,191 - INFO - [Data Time]  location : 0.1821048s
2025-04-15 02:42:20,191 - INFO - [Data Size]  location : 211
2025-04-15 02:42:22,527 - INFO - [Data Time]  景點推薦 : 0.1592478s
2025-04-15 02:42:22,527 - INFO - [Data Size]  景點推薦 : 391
2025-04-15 02:42:27,837 - INFO - [Data Time]  永續觀光 : 3.2235408s
2025-04-15 02:42:27,838 - INFO - [Data Size]  永續觀光 : 1034
2025-04-15 02:42:32,041 - INFO - [Data Time]  一般景點推薦 : 0.8263557s
2025-04-15 02:42:32,042 - INFO - [Data Size]  一般景點推薦 : 1079
2025-04-15 02:42:37,857 - INFO - [Data Time]  行程規劃 : 0.1844156s
2025-04-15 02:42:37,857 - INFO - [Data Size]  行程規劃 : 1690
2025-04-15 02:42:45,300 - INFO - [Data Time]  兩天一夜 : 5.3844784s
2025-04-15 02:42:45,300 - INFO - [Data Size]  兩天一夜 : 2014
2025-04-15 02:43:03,811 - INFO - [Data Time]  三天兩夜 : 15.0005884s
2025-04-15 02:43:03,811 - INFO - [Data Size]  三天兩夜 : 2014
2025-04-15 02:43:11,832 - INFO - [Data Time]  四天三夜 : 5.7736200s
2025-04-15 02:43:11,832 - INFO - [Data Size]  四天三夜 : 2014
2025-04-15 02:43:24,591 - INFO - [Data Time]  五天四夜 : 8.3784319s
2025-04-15 02:43:24,592 - INFO - [Data Size]  五天四夜 : 2014
2025-04-15 02:43:28,801 - INFO - [Data Time]  景點人潮 : 0.1802042s
2025-04-15 02:43:28,802 - INFO - [Data Size]  景點人潮 : 258
2025-04-15 02:43:31,737 - INFO - [Data Time]  附近搜尋 : 0.1939049s
2025-04-15 02:43:31,738 - INFO - [Data Size]  附近搜尋 : 2294
2025-04-15 02:43:34,697 - INFO - [Data Time]  風景區 : 1.3685635s
2025-04-15 02:43:34,697 - INFO - [Data Size]  風景區 : 9465
2025-04-15 02:43:41,844 - INFO - [Data Time]  餐廳 : 4.3157009s
2025-04-15 02:43:41,845 - INFO - [Data Size]  餐廳 : 20205
2025-04-15 02:43:47,868 - INFO - [Data Time]  停車場 : 4.0393131s
2025-04-15 02:43:47,869 - INFO - [Data Size]  停車場 : 22911
2025-04-15 02:43:52,350 - INFO - [Data Time]  住宿 : 1.5945110s
2025-04-15 02:43:52,351 - INFO - [Data Size]  住宿 : 10842
2025-04-15 02:43:57,936 - INFO - [Data Time]  租車 : 0.2067385s
2025-04-15 02:43:57,937 - INFO - [Data Size]  租車 : 217
2025-04-15 02:45:27,848 - INFO - [Data Time]  收集資料&修改資料 : 0.1735092s
2025-04-15 02:45:27,849 - INFO - [Data Size]  收集資料&修改資料 : 70
2025-04-15 02:45:33,153 - INFO - [Data Time]  25 : 0.1483052s
2025-04-15 02:45:33,154 - INFO - [Data Size]  25 : 1229
2025-04-15 02:45:34,992 - INFO - [Data Time]  女 : 0.1367829s
2025-04-15 02:45:34,992 - INFO - [Data Size]  女 : 993
2025-04-15 02:45:37,636 - INFO - [Data Time]  location : 0.1434267s
2025-04-15 02:45:37,637 - INFO - [Data Size]  location : 211
2025-04-15 02:45:40,206 - INFO - [Data Time]  景點推薦 : 0.1547238s
2025-04-15 02:45:40,206 - INFO - [Data Size]  景點推薦 : 391
2025-04-15 02:45:44,418 - INFO - [Data Time]  永續觀光 : 1.8346556s
2025-04-15 02:45:44,418 - INFO - [Data Size]  永續觀光 : 1034
2025-04-15 02:45:47,879 - INFO - [Data Time]  一般景點推薦 : 0.7356142s
2025-04-15 02:45:47,880 - INFO - [Data Size]  一般景點推薦 : 1079
2025-04-15 02:45:51,339 - INFO - [Data Time]  行程規劃 : 0.1799190s
2025-04-15 02:45:51,340 - INFO - [Data Size]  行程規劃 : 1690
2025-04-15 02:45:57,138 - INFO - [Data Time]  兩天一夜 : 4.0275887s
2025-04-15 02:45:57,139 - INFO - [Data Size]  兩天一夜 : 2014
2025-04-15 02:46:10,640 - INFO - [Data Time]  三天兩夜 : 11.2721424s
2025-04-15 02:46:10,641 - INFO - [Data Size]  三天兩夜 : 2014
2025-04-15 02:46:16,974 - INFO - [Data Time]  四天三夜 : 4.1985563s
2025-04-15 02:46:16,975 - INFO - [Data Size]  四天三夜 : 2014
2025-04-15 02:46:26,195 - INFO - [Data Time]  五天四夜 : 6.5599309s
2025-04-15 02:46:26,196 - INFO - [Data Size]  五天四夜 : 2014
2025-04-15 02:46:28,364 - INFO - [Data Time]  景點人潮 : 0.1736562s
2025-04-15 02:46:28,364 - INFO - [Data Size]  景點人潮 : 258
2025-04-15 02:46:30,073 - INFO - [Data Time]  附近搜尋 : 0.1789223s
2025-04-15 02:46:30,074 - INFO - [Data Size]  附近搜尋 : 2294
2025-04-15 02:46:33,677 - INFO - [Data Time]  風景區 : 1.8353279s
2025-04-15 02:46:33,677 - INFO - [Data Size]  風景區 : 9465
2025-04-15 02:46:38,728 - INFO - [Data Time]  餐廳 : 3.5245158s
2025-04-15 02:46:38,729 - INFO - [Data Size]  餐廳 : 20205
2025-04-15 02:46:43,981 - INFO - [Data Time]  停車場 : 3.3638533s
2025-04-15 02:46:43,982 - INFO - [Data Size]  停車場 : 22409
2025-04-15 02:46:47,168 - INFO - [Data Time]  住宿 : 1.2405145s
2025-04-15 02:46:47,169 - INFO - [Data Size]  住宿 : 10842
2025-04-15 02:46:53,893 - INFO - [Data Time]  租車 : 0.1572179s
2025-04-15 02:46:53,894 - INFO - [Data Size]  租車 : 217
