2025-04-08 22:54:36,901 - INFO - [Data Time]  收集資料&修改資料 : 0.2203507999999994ms
2025-04-08 22:54:36,901 - INFO - [Data Size]  收集資料&修改資料 : 70
2025-04-08 22:54:41,060 - INFO - [Data Time]  24 : 0.17915920000000085ms
2025-04-08 22:54:41,060 - INFO - [Data Size]  24 : 1229
2025-04-08 22:54:42,917 - INFO - [Data Time]  男 : 0.1609229999999986ms
2025-04-08 22:54:42,917 - INFO - [Data Size]  男 : 993
2025-04-08 22:54:46,949 - INFO - [Data Time]  location : Nonems
2025-04-08 22:54:46,949 - INFO - [Data Size]  location : 211
2025-04-08 22:54:50,964 - INFO - [Data Time]  景點推薦 : 0.13859379999999888ms
2025-04-08 22:54:50,965 - INFO - [Data Size]  景點推薦 : 391
2025-04-08 22:54:57,019 - INFO - [Data Time]  永續觀光 : 4.339954300000002ms
2025-04-08 22:54:57,019 - INFO - [Data Size]  永續觀光 : 1012
2025-04-08 22:55:03,739 - INFO - [Data Time]  一般景點推薦 : 2.0877215999999983ms
2025-04-08 22:55:03,740 - INFO - [Data Size]  一般景點推薦 : 1038
2025-04-08 22:55:07,008 - INFO - [Data Time]  行程規劃 : 0.1674817000000033ms
2025-04-08 22:55:07,008 - INFO - [Data Size]  行程規劃 : 1690
2025-04-08 22:55:17,248 - INFO - [Data Time]  兩天一夜 : 8.448139900000001ms
2025-04-08 22:55:17,249 - INFO - [Data Size]  兩天一夜 : 2014
2025-04-08 22:55:37,747 - INFO - [Data Time]  三天兩夜 : 17.0524184ms
2025-04-08 22:55:37,748 - INFO - [Data Size]  三天兩夜 : 2014
2025-04-08 22:55:49,105 - INFO - [Data Time]  四天三夜 : 8.060171600000004ms
2025-04-08 22:55:49,106 - INFO - [Data Size]  四天三夜 : 2014
2025-04-08 22:55:59,646 - INFO - [Data Time]  五天四夜 : 8.854297399999993ms
2025-04-08 22:55:59,647 - INFO - [Data Size]  五天四夜 : 2014
2025-04-08 22:56:01,857 - INFO - [Data Time]  景點人潮 : 0.16606459999999856ms
2025-04-08 22:56:01,858 - INFO - [Data Size]  景點人潮 : 258
2025-04-08 22:56:04,380 - INFO - [Data Time]  附近搜尋 : 0.25103409999999826ms
2025-04-08 22:56:04,381 - INFO - [Data Size]  附近搜尋 : 2294
2025-04-08 22:56:06,848 - INFO - [Data Time]  風景區 : 1.1755356999999975ms
2025-04-08 22:56:06,849 - INFO - [Data Size]  風景區 : 9465
2025-04-08 22:56:14,186 - INFO - [Data Time]  餐廳 : 4.999147199999996ms
2025-04-08 22:56:14,187 - INFO - [Data Size]  餐廳 : 21424
2025-04-08 22:56:17,332 - INFO - [Data Time]  停車場 : 1.1910882999999899ms
2025-04-08 22:56:17,333 - INFO - [Data Size]  停車場 : 7052
2025-04-08 22:56:21,885 - INFO - [Data Time]  住宿 : 1.6595769999999987ms
2025-04-08 22:56:21,886 - INFO - [Data Size]  住宿 : 10842
2025-04-08 22:56:34,125 - INFO - [Data Time]  附近搜尋 : 0.2044056000000012ms
2025-04-08 22:56:34,125 - INFO - [Data Size]  附近搜尋 : 2294
2025-04-08 22:56:36,221 - INFO - [Data Time]  租車 : 0.18910599999999533ms
2025-04-08 22:56:36,222 - INFO - [Data Size]  租車 : 217
