2025-04-11 03:10:14,094 - INFO - [Data Time]  收集資料&修改資料 : 0.2108015s
2025-04-11 03:10:14,095 - INFO - [Data Size]  收集資料&修改資料 : 70
2025-04-11 03:10:18,978 - INFO - [Data Time]  24 : 0.2302905s
2025-04-11 03:10:18,979 - INFO - [Data Size]  24 : 1229
2025-04-11 03:10:21,308 - INFO - [Data Time]  男 : 0.2203124s
2025-04-11 03:10:21,309 - INFO - [Data Size]  男 : 993
2025-04-11 03:10:24,507 - INFO - [Data Time]  location : 0.1901038s
2025-04-11 03:10:24,508 - INFO - [Data Size]  location : 211
2025-04-11 03:10:56,519 - INFO - [Data Time]  景點推薦 : 0.3032198s
2025-04-11 03:10:56,519 - INFO - [Data Size]  景點推薦 : 391
2025-04-11 03:11:00,457 - INFO - [Data Time]  永續觀光 : 1.9812834s
2025-04-11 03:11:00,458 - INFO - [Data Size]  永續觀光 : 682
2025-04-11 03:11:04,673 - INFO - [Data Time]  一般景點推薦 : 0.9430716s
2025-04-11 03:11:04,675 - INFO - [Data Size]  一般景點推薦 : 793
2025-04-11 03:11:13,128 - INFO - [Data Time]  行程規劃 : 0.1846145s
2025-04-11 03:11:13,128 - INFO - [Data Size]  行程規劃 : 1690
2025-04-11 03:11:22,845 - INFO - [Data Time]  兩天一夜 : 7.9134697s
2025-04-11 03:11:22,846 - INFO - [Data Size]  兩天一夜 : 2014
2025-04-11 03:11:43,145 - INFO - [Data Time]  三天兩夜 : 16.4441108s
2025-04-11 03:11:43,146 - INFO - [Data Size]  三天兩夜 : 2014
2025-04-11 03:11:55,977 - INFO - [Data Time]  四天三夜 : 7.8566909s
2025-04-11 03:11:55,978 - INFO - [Data Size]  四天三夜 : 2014
2025-04-11 03:12:08,388 - INFO - [Data Time]  五天四夜 : 8.6964941s
2025-04-11 03:12:08,389 - INFO - [Data Size]  五天四夜 : 2014
2025-04-11 03:12:12,246 - INFO - [Data Time]  景點人潮 : 0.2784846s
2025-04-11 03:12:12,246 - INFO - [Data Size]  景點人潮 : 258
2025-04-11 03:12:14,247 - INFO - [Data Time]  附近搜尋 : 0.1597578s
2025-04-11 03:12:14,247 - INFO - [Data Size]  附近搜尋 : 2294
2025-04-11 03:12:17,258 - INFO - [Data Time]  風景區 : 1.3450969s
2025-04-11 03:12:17,258 - INFO - [Data Size]  風景區 : 9465
2025-04-11 03:12:25,731 - INFO - [Data Time]  餐廳 : 4.3213746s
2025-04-11 03:12:25,732 - INFO - [Data Size]  餐廳 : 19890
2025-04-11 03:12:30,255 - INFO - [Data Time]  停車場 : 4.0343354s
2025-04-11 03:12:30,255 - INFO - [Data Size]  停車場 : 22409
2025-04-11 03:12:34,213 - INFO - [Data Time]  住宿 : 1.5982938s
2025-04-11 03:12:34,215 - INFO - [Data Size]  住宿 : 10842
2025-04-11 03:12:43,586 - INFO - [Data Time]  租車 : 0.1319804s
2025-04-11 03:12:43,586 - INFO - [Data Size]  租車 : 217
